Determining if the pthread_create exist failed with the following output:
Change Dir: /home/gabriele/Scrivania/ModularEvo/build/CMakeFiles/CMakeTmp

Run Build Command:"/usr/bin/make" "cmTC_92f39/fast"
/usr/bin/make -f CMakeFiles/cmTC_92f39.dir/build.make CMakeFiles/cmTC_92f39.dir/build
make[1]: ingresso nella directory "/home/gabriele/Scrivania/ModularEvo/build/CMakeFiles/CMakeTmp"
Building C object CMakeFiles/cmTC_92f39.dir/CheckSymbolExists.c.o
/usr/bin/cc    -o CMakeFiles/cmTC_92f39.dir/CheckSymbolExists.c.o   -c /home/gabriele/Scrivania/ModularEvo/build/CMakeFiles/CMakeTmp/CheckSymbolExists.c
Linking C executable cmTC_92f39
/usr/bin/cmake -E cmake_link_script CMakeFiles/cmTC_92f39.dir/link.txt --verbose=1
/usr/bin/cc      -rdynamic CMakeFiles/cmTC_92f39.dir/CheckSymbolExists.c.o  -o cmTC_92f39 
CMakeFiles/cmTC_92f39.dir/CheckSymbolExists.c.o: nella funzione "main":
CheckSymbolExists.c:(.text+0x1b): riferimento non definito a "pthread_create"
collect2: error: ld returned 1 exit status
CMakeFiles/cmTC_92f39.dir/build.make:97: recipe for target 'cmTC_92f39' failed
make[1]: *** [cmTC_92f39] Error 1
make[1]: uscita dalla directory "/home/gabriele/Scrivania/ModularEvo/build/CMakeFiles/CMakeTmp"
Makefile:126: recipe for target 'cmTC_92f39/fast' failed
make: *** [cmTC_92f39/fast] Error 2

File /home/gabriele/Scrivania/ModularEvo/build/CMakeFiles/CMakeTmp/CheckSymbolExists.c:
/* */
#include <pthread.h>

int main(int argc, char** argv)
{
  (void)argv;
#ifndef pthread_create
  return ((int*)(&pthread_create))[argc];
#else
  (void)argc;
  return 0;
#endif
}

Determining if the function pthread_create exists in the pthreads failed with the following output:
Change Dir: /home/gabriele/Scrivania/ModularEvo/build/CMakeFiles/CMakeTmp

Run Build Command:"/usr/bin/make" "cmTC_47bfb/fast"
/usr/bin/make -f CMakeFiles/cmTC_47bfb.dir/build.make CMakeFiles/cmTC_47bfb.dir/build
make[1]: ingresso nella directory "/home/gabriele/Scrivania/ModularEvo/build/CMakeFiles/CMakeTmp"
Building C object CMakeFiles/cmTC_47bfb.dir/CheckFunctionExists.c.o
/usr/bin/cc   -DCHECK_FUNCTION_EXISTS=pthread_create   -o CMakeFiles/cmTC_47bfb.dir/CheckFunctionExists.c.o   -c /usr/share/cmake-3.10/Modules/CheckFunctionExists.c
Linking C executable cmTC_47bfb
/usr/bin/cmake -E cmake_link_script CMakeFiles/cmTC_47bfb.dir/link.txt --verbose=1
/usr/bin/cc  -DCHECK_FUNCTION_EXISTS=pthread_create    -rdynamic CMakeFiles/cmTC_47bfb.dir/CheckFunctionExists.c.o  -o cmTC_47bfb -lpthreads 
/usr/bin/ld: impossibile trovare -lpthreads
collect2: error: ld returned 1 exit status
CMakeFiles/cmTC_47bfb.dir/build.make:97: recipe for target 'cmTC_47bfb' failed
make[1]: *** [cmTC_47bfb] Error 1
make[1]: uscita dalla directory "/home/gabriele/Scrivania/ModularEvo/build/CMakeFiles/CMakeTmp"
Makefile:126: recipe for target 'cmTC_47bfb/fast' failed
make: *** [cmTC_47bfb/fast] Error 2


